This file contains any messages produced by compilers while
running configure, to aid debugging if configure makes a mistake.

It was created by cafe5 configure 1.1, which was
generated by GNU Autoconf 2.69.  Invocation command line was

  $ ./configure 

## --------- ##
## Platform. ##
## --------- ##

hostname = rmwaterhouse-biodivinfo-nk1xllprtg1
uname -m = x86_64
uname -r = 6.1.91-060191-generic
uname -s = Linux
uname -v = #202407021948 SMP PREEMPT_DYNAMIC Tue Jul  2 20:28:47 UTC 2024

/usr/bin/uname -p = x86_64
/bin/uname -X     = unknown

/bin/arch              = x86_64
/usr/bin/arch -k       = unknown
/usr/convex/getsysinfo = unknown
/usr/bin/hostinfo      = unknown
/bin/machine           = unknown
/usr/bin/oslevel       = unknown
/bin/universe          = unknown

PATH: /workspace/mambaforge/bin
PATH: /workspace/mambaforge/condabin
PATH: /ide/bin/remote-cli
PATH: /home/gitpod/.local/bin
PATH: /usr/games
PATH: /usr/local/sbin
PATH: /usr/local/bin
PATH: /usr/sbin
PATH: /usr/bin
PATH: /sbin
PATH: /bin


## ----------- ##
## Core tests. ##
## ----------- ##

configure:2088: checking for icc
configure:2118: result: no
configure:2088: checking for g++
configure:2104: found /usr/bin/g++
configure:2115: result: g++
configure:2142: checking for C++ compiler version
configure:2151: g++ --version >&5
g++ (Ubuntu 11.4.0-1ubuntu1~22.04) 11.4.0
Copyright (C) 2021 Free Software Foundation, Inc.
This is free software; see the source for copying conditions.  There is NO
warranty; not even for MERCHANTABILITY or FITNESS FOR A PARTICULAR PURPOSE.

configure:2162: $? = 0
configure:2151: g++ -v >&5
Using built-in specs.
COLLECT_GCC=g++
COLLECT_LTO_WRAPPER=/usr/lib/gcc/x86_64-linux-gnu/11/lto-wrapper
OFFLOAD_TARGET_NAMES=nvptx-none:amdgcn-amdhsa
OFFLOAD_TARGET_DEFAULT=1
Target: x86_64-linux-gnu
Configured with: ../src/configure -v --with-pkgversion='Ubuntu 11.4.0-1ubuntu1~22.04' --with-bugurl=file:///usr/share/doc/gcc-11/README.Bugs --enable-languages=c,ada,c++,go,brig,d,fortran,objc,obj-c++,m2 --prefix=/usr --with-gcc-major-version-only --program-suffix=-11 --program-prefix=x86_64-linux-gnu- --enable-shared --enable-linker-build-id --libexecdir=/usr/lib --without-included-gettext --enable-threads=posix --libdir=/usr/lib --enable-nls --enable-bootstrap --enable-clocale=gnu --enable-libstdcxx-debug --enable-libstdcxx-time=yes --with-default-libstdcxx-abi=new --enable-gnu-unique-object --disable-vtable-verify --enable-plugin --enable-default-pie --with-system-zlib --enable-libphobos-checking=release --with-target-system-zlib=auto --enable-objc-gc=auto --enable-multiarch --disable-werror --enable-cet --with-arch-32=i686 --with-abi=m64 --with-multilib-list=m32,m64,mx32 --enable-multilib --with-tune=generic --enable-offload-targets=nvptx-none=/build/gcc-11-XeT9lY/gcc-11-11.4.0/debian/tmp-nvptx/usr,amdgcn-amdhsa=/build/gcc-11-XeT9lY/gcc-11-11.4.0/debian/tmp-gcn/usr --without-cuda-driver --enable-checking=release --build=x86_64-linux-gnu --host=x86_64-linux-gnu --target=x86_64-linux-gnu --with-build-config=bootstrap-lto-lean --enable-link-serialization=2
Thread model: posix
Supported LTO compression algorithms: zlib zstd
gcc version 11.4.0 (Ubuntu 11.4.0-1ubuntu1~22.04) 
... rest of stderr output deleted ...
configure:2162: $? = 0
configure:2151: g++ -V >&5
g++: error: unrecognized command-line option '-V'
g++: fatal error: no input files
compilation terminated.
configure:2162: $? = 1
configure:2151: g++ -qversion >&5
g++: error: unrecognized command-line option '-qversion'; did you mean '--version'?
g++: fatal error: no input files
compilation terminated.
configure:2162: $? = 1
configure:2182: checking whether the C++ compiler works
configure:2204: g++    conftest.cpp  >&5
configure:2208: $? = 0
configure:2256: result: yes
configure:2259: checking for C++ compiler default output file name
configure:2261: result: a.out
configure:2267: checking for suffix of executables
configure:2274: g++ -o conftest    conftest.cpp  >&5
configure:2278: $? = 0
configure:2300: result: 
configure:2322: checking whether we are cross compiling
configure:2330: g++ -o conftest    conftest.cpp  >&5
configure:2334: $? = 0
configure:2341: ./conftest
configure:2345: $? = 0
configure:2360: result: no
configure:2365: checking for suffix of object files
configure:2387: g++ -c   conftest.cpp >&5
configure:2391: $? = 0
configure:2412: result: o
configure:2416: checking whether we are using the GNU C++ compiler
configure:2435: g++ -c   conftest.cpp >&5
configure:2435: $? = 0
configure:2444: result: yes
configure:2453: checking whether g++ accepts -g
configure:2473: g++ -c -g  conftest.cpp >&5
configure:2473: $? = 0
configure:2514: result: yes
configure:2546: checking for g++ option to support OpenMP
configure:2561: g++ -o conftest -g -O2   conftest.cpp  >&5
conftest.cpp:11:2: error: 'choke' does not name a type
   11 |  choke me
      |  ^~~~~
In file included from conftest.cpp:13:
/usr/lib/gcc/x86_64-linux-gnu/11/include/omp.h:45:3: error: 'omp_lock_t' does not name a type
   45 | } omp_lock_t;
      |   ^~~~~~~~~~
/usr/lib/gcc/x86_64-linux-gnu/11/include/omp.h:213:13: error: variable or field 'omp_init_lock' declared void
  213 | extern void omp_init_lock (omp_lock_t *) __GOMP_NOTHROW;
      |             ^~~~~~~~~~~~~
/usr/lib/gcc/x86_64-linux-gnu/11/include/omp.h:213:28: error: 'omp_lock_t' was not declared in this scope
  213 | extern void omp_init_lock (omp_lock_t *) __GOMP_NOTHROW;
      |                            ^~~~~~~~~~
/usr/lib/gcc/x86_64-linux-gnu/11/include/omp.h:213:40: error: expected primary-expression before ')' token
  213 | extern void omp_init_lock (omp_lock_t *) __GOMP_NOTHROW;
      |                                        ^
/usr/lib/gcc/x86_64-linux-gnu/11/include/omp.h:214:13: error: variable or field 'omp_init_lock_with_hint' declared void
  214 | extern void omp_init_lock_with_hint (omp_lock_t *, omp_sync_hint_t)
      |             ^~~~~~~~~~~~~~~~~~~~~~~
/usr/lib/gcc/x86_64-linux-gnu/11/include/omp.h:214:38: error: 'omp_lock_t' was not declared in this scope
  214 | extern void omp_init_lock_with_hint (omp_lock_t *, omp_sync_hint_t)
      |                                      ^~~~~~~~~~
/usr/lib/gcc/x86_64-linux-gnu/11/include/omp.h:214:50: error: expected primary-expression before ',' token
  214 | extern void omp_init_lock_with_hint (omp_lock_t *, omp_sync_hint_t)
      |                                                  ^
/usr/lib/gcc/x86_64-linux-gnu/11/include/omp.h:214:67: error: expected primary-expression before ')' token
  214 | extern void omp_init_lock_with_hint (omp_lock_t *, omp_sync_hint_t)
      |                                                                   ^
/usr/lib/gcc/x86_64-linux-gnu/11/include/omp.h:216:13: error: variable or field 'omp_destroy_lock' declared void
  216 | extern void omp_destroy_lock (omp_lock_t *) __GOMP_NOTHROW;
      |             ^~~~~~~~~~~~~~~~
/usr/lib/gcc/x86_64-linux-gnu/11/include/omp.h:216:31: error: 'omp_lock_t' was not declared in this scope
  216 | extern void omp_destroy_lock (omp_lock_t *) __GOMP_NOTHROW;
      |                               ^~~~~~~~~~
/usr/lib/gcc/x86_64-linux-gnu/11/include/omp.h:216:43: error: expected primary-expression before ')' token
  216 | extern void omp_destroy_lock (omp_lock_t *) __GOMP_NOTHROW;
      |                                           ^
/usr/lib/gcc/x86_64-linux-gnu/11/include/omp.h:217:13: error: variable or field 'omp_set_lock' declared void
  217 | extern void omp_set_lock (omp_lock_t *) __GOMP_NOTHROW;
      |             ^~~~~~~~~~~~
/usr/lib/gcc/x86_64-linux-gnu/11/include/omp.h:217:27: error: 'omp_lock_t' was not declared in this scope
  217 | extern void omp_set_lock (omp_lock_t *) __GOMP_NOTHROW;
      |                           ^~~~~~~~~~
/usr/lib/gcc/x86_64-linux-gnu/11/include/omp.h:217:39: error: expected primary-expression before ')' token
  217 | extern void omp_set_lock (omp_lock_t *) __GOMP_NOTHROW;
      |                                       ^
/usr/lib/gcc/x86_64-linux-gnu/11/include/omp.h:218:13: error: variable or field 'omp_unset_lock' declared void
  218 | extern void omp_unset_lock (omp_lock_t *) __GOMP_NOTHROW;
      |             ^~~~~~~~~~~~~~
/usr/lib/gcc/x86_64-linux-gnu/11/include/omp.h:218:29: error: 'omp_lock_t' was not declared in this scope
  218 | extern void omp_unset_lock (omp_lock_t *) __GOMP_NOTHROW;
      |                             ^~~~~~~~~~
/usr/lib/gcc/x86_64-linux-gnu/11/include/omp.h:218:41: error: expected primary-expression before ')' token
  218 | extern void omp_unset_lock (omp_lock_t *) __GOMP_NOTHROW;
      |                                         ^
/usr/lib/gcc/x86_64-linux-gnu/11/include/omp.h:219:27: error: 'omp_lock_t' was not declared in this scope
  219 | extern int omp_test_lock (omp_lock_t *) __GOMP_NOTHROW;
      |                           ^~~~~~~~~~
/usr/lib/gcc/x86_64-linux-gnu/11/include/omp.h:219:39: error: expected primary-expression before ')' token
  219 | extern int omp_test_lock (omp_lock_t *) __GOMP_NOTHROW;
      |                                       ^
configure:2561: $? = 1
configure: failed program was:
| /* confdefs.h */
| #define PACKAGE_NAME "cafe5"
| #define PACKAGE_TARNAME "cafe5"
| #define PACKAGE_VERSION "1.1"
| #define PACKAGE_STRING "cafe5 1.1"
| #define PACKAGE_BUGREPORT ""
| #define PACKAGE_URL ""
| /* end confdefs.h.  */
| 
| #ifndef _OPENMP
|  choke me
| #endif
| #include <omp.h>
| int main () { return omp_get_num_threads (); }
| 
configure:2579: g++ -o conftest -g -O2 -fopenmp   conftest.cpp  >&5
configure:2579: $? = 0
configure:2593: result: -fopenmp
configure:2605: checking for floor in -lm
configure:2630: g++ -o conftest -g -O2   conftest.cpp -lm   >&5
conftest.cpp:16:6: warning: declaration of 'char floor()' conflicts with built-in declaration 'double floor(double)' [-Wbuiltin-declaration-mismatch]
   16 | char floor ();
      |      ^~~~~
configure:2630: $? = 0
configure:2639: result: yes
configure:2655: checking how to run the C++ preprocessor
configure:2682: g++ -E  conftest.cpp
configure:2682: $? = 0
configure:2696: g++ -E  conftest.cpp
conftest.cpp:10:10: fatal error: ac_nonexistent.h: No such file or directory
   10 | #include <ac_nonexistent.h>
      |          ^~~~~~~~~~~~~~~~~~
compilation terminated.
configure:2696: $? = 1
configure: failed program was:
| /* confdefs.h */
| #define PACKAGE_NAME "cafe5"
| #define PACKAGE_TARNAME "cafe5"
| #define PACKAGE_VERSION "1.1"
| #define PACKAGE_STRING "cafe5 1.1"
| #define PACKAGE_BUGREPORT ""
| #define PACKAGE_URL ""
| #define HAVE_LIBM 1
| /* end confdefs.h.  */
| #include <ac_nonexistent.h>
configure:2721: result: g++ -E
configure:2741: g++ -E  conftest.cpp
configure:2741: $? = 0
configure:2755: g++ -E  conftest.cpp
conftest.cpp:10:10: fatal error: ac_nonexistent.h: No such file or directory
   10 | #include <ac_nonexistent.h>
      |          ^~~~~~~~~~~~~~~~~~
compilation terminated.
configure:2755: $? = 1
configure: failed program was:
| /* confdefs.h */
| #define PACKAGE_NAME "cafe5"
| #define PACKAGE_TARNAME "cafe5"
| #define PACKAGE_VERSION "1.1"
| #define PACKAGE_STRING "cafe5 1.1"
| #define PACKAGE_BUGREPORT ""
| #define PACKAGE_URL ""
| #define HAVE_LIBM 1
| /* end confdefs.h.  */
| #include <ac_nonexistent.h>
configure:2784: checking for grep that handles long lines and -e
configure:2842: result: /usr/bin/grep
configure:2847: checking for egrep
configure:2909: result: /usr/bin/grep -E
configure:2914: checking for ANSI C header files
configure:2934: g++ -c -g -O2  conftest.cpp >&5
configure:2934: $? = 0
configure:3007: g++ -o conftest -g -O2   conftest.cpp -lm  >&5
configure:3007: $? = 0
configure:3007: ./conftest
configure:3007: $? = 0
configure:3018: result: yes
configure:3031: checking for sys/types.h
configure:3031: g++ -c -g -O2  conftest.cpp >&5
configure:3031: $? = 0
configure:3031: result: yes
configure:3031: checking for sys/stat.h
configure:3031: g++ -c -g -O2  conftest.cpp >&5
configure:3031: $? = 0
configure:3031: result: yes
configure:3031: checking for stdlib.h
configure:3031: g++ -c -g -O2  conftest.cpp >&5
configure:3031: $? = 0
configure:3031: result: yes
configure:3031: checking for string.h
configure:3031: g++ -c -g -O2  conftest.cpp >&5
configure:3031: $? = 0
configure:3031: result: yes
configure:3031: checking for memory.h
configure:3031: g++ -c -g -O2  conftest.cpp >&5
configure:3031: $? = 0
configure:3031: result: yes
configure:3031: checking for strings.h
configure:3031: g++ -c -g -O2  conftest.cpp >&5
configure:3031: $? = 0
configure:3031: result: yes
configure:3031: checking for inttypes.h
configure:3031: g++ -c -g -O2  conftest.cpp >&5
configure:3031: $? = 0
configure:3031: result: yes
configure:3031: checking for stdint.h
configure:3031: g++ -c -g -O2  conftest.cpp >&5
configure:3031: $? = 0
configure:3031: result: yes
configure:3031: checking for unistd.h
configure:3031: g++ -c -g -O2  conftest.cpp >&5
configure:3031: $? = 0
configure:3031: result: yes
configure:3045: checking mkl.h usability
configure:3045: g++ -c -g -O2  conftest.cpp >&5
conftest.cpp:53:10: fatal error: mkl.h: No such file or directory
   53 | #include <mkl.h>
      |          ^~~~~~~
compilation terminated.
configure:3045: $? = 1
configure: failed program was:
| /* confdefs.h */
| #define PACKAGE_NAME "cafe5"
| #define PACKAGE_TARNAME "cafe5"
| #define PACKAGE_VERSION "1.1"
| #define PACKAGE_STRING "cafe5 1.1"
| #define PACKAGE_BUGREPORT ""
| #define PACKAGE_URL ""
| #define HAVE_LIBM 1
| #define STDC_HEADERS 1
| #define HAVE_SYS_TYPES_H 1
| #define HAVE_SYS_STAT_H 1
| #define HAVE_STDLIB_H 1
| #define HAVE_STRING_H 1
| #define HAVE_MEMORY_H 1
| #define HAVE_STRINGS_H 1
| #define HAVE_INTTYPES_H 1
| #define HAVE_STDINT_H 1
| #define HAVE_UNISTD_H 1
| /* end confdefs.h.  */
| #include <stdio.h>
| #ifdef HAVE_SYS_TYPES_H
| # include <sys/types.h>
| #endif
| #ifdef HAVE_SYS_STAT_H
| # include <sys/stat.h>
| #endif
| #ifdef STDC_HEADERS
| # include <stdlib.h>
| # include <stddef.h>
| #else
| # ifdef HAVE_STDLIB_H
| #  include <stdlib.h>
| # endif
| #endif
| #ifdef HAVE_STRING_H
| # if !defined STDC_HEADERS && defined HAVE_MEMORY_H
| #  include <memory.h>
| # endif
| # include <string.h>
| #endif
| #ifdef HAVE_STRINGS_H
| # include <strings.h>
| #endif
| #ifdef HAVE_INTTYPES_H
| # include <inttypes.h>
| #endif
| #ifdef HAVE_STDINT_H
| # include <stdint.h>
| #endif
| #ifdef HAVE_UNISTD_H
| # include <unistd.h>
| #endif
| #include <mkl.h>
configure:3045: result: no
configure:3045: checking mkl.h presence
configure:3045: g++ -E  conftest.cpp
conftest.cpp:20:10: fatal error: mkl.h: No such file or directory
   20 | #include <mkl.h>
      |          ^~~~~~~
compilation terminated.
configure:3045: $? = 1
configure: failed program was:
| /* confdefs.h */
| #define PACKAGE_NAME "cafe5"
| #define PACKAGE_TARNAME "cafe5"
| #define PACKAGE_VERSION "1.1"
| #define PACKAGE_STRING "cafe5 1.1"
| #define PACKAGE_BUGREPORT ""
| #define PACKAGE_URL ""
| #define HAVE_LIBM 1
| #define STDC_HEADERS 1
| #define HAVE_SYS_TYPES_H 1
| #define HAVE_SYS_STAT_H 1
| #define HAVE_STDLIB_H 1
| #define HAVE_STRING_H 1
| #define HAVE_MEMORY_H 1
| #define HAVE_STRINGS_H 1
| #define HAVE_INTTYPES_H 1
| #define HAVE_STDINT_H 1
| #define HAVE_UNISTD_H 1
| /* end confdefs.h.  */
| #include <mkl.h>
configure:3045: result: no
configure:3045: checking for mkl.h
configure:3045: result: no
configure:3058: checking for library containing sgemm
configure:3089: g++ -o conftest -g -O2   conftest.cpp -lm  >&5
/usr/bin/ld: /tmp/ccSc0vjJ.o: in function `main':
/workspace/biodivinfo/envs/CAFE5/conftest.cpp:31: undefined reference to `sgemm'
collect2: error: ld returned 1 exit status
configure:3089: $? = 1
configure: failed program was:
| /* confdefs.h */
| #define PACKAGE_NAME "cafe5"
| #define PACKAGE_TARNAME "cafe5"
| #define PACKAGE_VERSION "1.1"
| #define PACKAGE_STRING "cafe5 1.1"
| #define PACKAGE_BUGREPORT ""
| #define PACKAGE_URL ""
| #define HAVE_LIBM 1
| #define STDC_HEADERS 1
| #define HAVE_SYS_TYPES_H 1
| #define HAVE_SYS_STAT_H 1
| #define HAVE_STDLIB_H 1
| #define HAVE_STRING_H 1
| #define HAVE_MEMORY_H 1
| #define HAVE_STRINGS_H 1
| #define HAVE_INTTYPES_H 1
| #define HAVE_STDINT_H 1
| #define HAVE_UNISTD_H 1
| /* end confdefs.h.  */
| 
| /* Override any GCC internal prototype to avoid an error.
|    Use char because int might match the return type of a GCC
|    builtin and then its argument prototype would still apply.  */
| #ifdef __cplusplus
| extern "C"
| #endif
| char sgemm ();
| int
| main ()
| {
| return sgemm ();
|   ;
|   return 0;
| }
configure:3089: g++ -o conftest -g -O2   conftest.cpp -lmkl_intel_lp64 -lmkl_intel_lp64 -lmkl_sequential -lmkl_core -lpthread -lm  >&5
/usr/bin/ld: cannot find -lmkl_intel_lp64: No such file or directory
/usr/bin/ld: cannot find -lmkl_intel_lp64: No such file or directory
/usr/bin/ld: cannot find -lmkl_sequential: No such file or directory
/usr/bin/ld: cannot find -lmkl_core: No such file or directory
collect2: error: ld returned 1 exit status
configure:3089: $? = 1
configure: failed program was:
| /* confdefs.h */
| #define PACKAGE_NAME "cafe5"
| #define PACKAGE_TARNAME "cafe5"
| #define PACKAGE_VERSION "1.1"
| #define PACKAGE_STRING "cafe5 1.1"
| #define PACKAGE_BUGREPORT ""
| #define PACKAGE_URL ""
| #define HAVE_LIBM 1
| #define STDC_HEADERS 1
| #define HAVE_SYS_TYPES_H 1
| #define HAVE_SYS_STAT_H 1
| #define HAVE_STDLIB_H 1
| #define HAVE_STRING_H 1
| #define HAVE_MEMORY_H 1
| #define HAVE_STRINGS_H 1
| #define HAVE_INTTYPES_H 1
| #define HAVE_STDINT_H 1
| #define HAVE_UNISTD_H 1
| /* end confdefs.h.  */
| 
| /* Override any GCC internal prototype to avoid an error.
|    Use char because int might match the return type of a GCC
|    builtin and then its argument prototype would still apply.  */
| #ifdef __cplusplus
| extern "C"
| #endif
| char sgemm ();
| int
| main ()
| {
| return sgemm ();
|   ;
|   return 0;
| }
configure:3106: result: no
configure:3115: checking for library containing cblas_dgemm
configure:3146: g++ -o conftest -g -O2   conftest.cpp -lm  >&5
/usr/bin/ld: /tmp/ccYQqxht.o: in function `main':
/workspace/biodivinfo/envs/CAFE5/conftest.cpp:31: undefined reference to `cblas_dgemm'
collect2: error: ld returned 1 exit status
configure:3146: $? = 1
configure: failed program was:
| /* confdefs.h */
| #define PACKAGE_NAME "cafe5"
| #define PACKAGE_TARNAME "cafe5"
| #define PACKAGE_VERSION "1.1"
| #define PACKAGE_STRING "cafe5 1.1"
| #define PACKAGE_BUGREPORT ""
| #define PACKAGE_URL ""
| #define HAVE_LIBM 1
| #define STDC_HEADERS 1
| #define HAVE_SYS_TYPES_H 1
| #define HAVE_SYS_STAT_H 1
| #define HAVE_STDLIB_H 1
| #define HAVE_STRING_H 1
| #define HAVE_MEMORY_H 1
| #define HAVE_STRINGS_H 1
| #define HAVE_INTTYPES_H 1
| #define HAVE_STDINT_H 1
| #define HAVE_UNISTD_H 1
| /* end confdefs.h.  */
| 
| /* Override any GCC internal prototype to avoid an error.
|    Use char because int might match the return type of a GCC
|    builtin and then its argument prototype would still apply.  */
| #ifdef __cplusplus
| extern "C"
| #endif
| char cblas_dgemm ();
| int
| main ()
| {
| return cblas_dgemm ();
|   ;
|   return 0;
| }
configure:3146: g++ -o conftest -g -O2   conftest.cpp -lsatlas  -lm  >&5
/usr/bin/ld: cannot find -lsatlas: No such file or directory
collect2: error: ld returned 1 exit status
configure:3146: $? = 1
configure: failed program was:
| /* confdefs.h */
| #define PACKAGE_NAME "cafe5"
| #define PACKAGE_TARNAME "cafe5"
| #define PACKAGE_VERSION "1.1"
| #define PACKAGE_STRING "cafe5 1.1"
| #define PACKAGE_BUGREPORT ""
| #define PACKAGE_URL ""
| #define HAVE_LIBM 1
| #define STDC_HEADERS 1
| #define HAVE_SYS_TYPES_H 1
| #define HAVE_SYS_STAT_H 1
| #define HAVE_STDLIB_H 1
| #define HAVE_STRING_H 1
| #define HAVE_MEMORY_H 1
| #define HAVE_STRINGS_H 1
| #define HAVE_INTTYPES_H 1
| #define HAVE_STDINT_H 1
| #define HAVE_UNISTD_H 1
| /* end confdefs.h.  */
| 
| /* Override any GCC internal prototype to avoid an error.
|    Use char because int might match the return type of a GCC
|    builtin and then its argument prototype would still apply.  */
| #ifdef __cplusplus
| extern "C"
| #endif
| char cblas_dgemm ();
| int
| main ()
| {
| return cblas_dgemm ();
|   ;
|   return 0;
| }
configure:3163: result: no
configure:3177: checking for library containing cblas_dgemm
configure:3208: g++ -o conftest -g -O2   conftest.cpp -lm  >&5
/usr/bin/ld: /tmp/ccYLGw2a.o: in function `main':
/workspace/biodivinfo/envs/CAFE5/conftest.cpp:31: undefined reference to `cblas_dgemm'
collect2: error: ld returned 1 exit status
configure:3208: $? = 1
configure: failed program was:
| /* confdefs.h */
| #define PACKAGE_NAME "cafe5"
| #define PACKAGE_TARNAME "cafe5"
| #define PACKAGE_VERSION "1.1"
| #define PACKAGE_STRING "cafe5 1.1"
| #define PACKAGE_BUGREPORT ""
| #define PACKAGE_URL ""
| #define HAVE_LIBM 1
| #define STDC_HEADERS 1
| #define HAVE_SYS_TYPES_H 1
| #define HAVE_SYS_STAT_H 1
| #define HAVE_STDLIB_H 1
| #define HAVE_STRING_H 1
| #define HAVE_MEMORY_H 1
| #define HAVE_STRINGS_H 1
| #define HAVE_INTTYPES_H 1
| #define HAVE_STDINT_H 1
| #define HAVE_UNISTD_H 1
| /* end confdefs.h.  */
| 
| /* Override any GCC internal prototype to avoid an error.
|    Use char because int might match the return type of a GCC
|    builtin and then its argument prototype would still apply.  */
| #ifdef __cplusplus
| extern "C"
| #endif
| char cblas_dgemm ();
| int
| main ()
| {
| return cblas_dgemm ();
|   ;
|   return 0;
| }
configure:3208: g++ -o conftest -g -O2   conftest.cpp -lopenblas  -lm  >&5
/usr/bin/ld: cannot find -lopenblas: No such file or directory
collect2: error: ld returned 1 exit status
configure:3208: $? = 1
configure: failed program was:
| /* confdefs.h */
| #define PACKAGE_NAME "cafe5"
| #define PACKAGE_TARNAME "cafe5"
| #define PACKAGE_VERSION "1.1"
| #define PACKAGE_STRING "cafe5 1.1"
| #define PACKAGE_BUGREPORT ""
| #define PACKAGE_URL ""
| #define HAVE_LIBM 1
| #define STDC_HEADERS 1
| #define HAVE_SYS_TYPES_H 1
| #define HAVE_SYS_STAT_H 1
| #define HAVE_STDLIB_H 1
| #define HAVE_STRING_H 1
| #define HAVE_MEMORY_H 1
| #define HAVE_STRINGS_H 1
| #define HAVE_INTTYPES_H 1
| #define HAVE_STDINT_H 1
| #define HAVE_UNISTD_H 1
| /* end confdefs.h.  */
| 
| /* Override any GCC internal prototype to avoid an error.
|    Use char because int might match the return type of a GCC
|    builtin and then its argument prototype would still apply.  */
| #ifdef __cplusplus
| extern "C"
| #endif
| char cblas_dgemm ();
| int
| main ()
| {
| return cblas_dgemm ();
|   ;
|   return 0;
| }
configure:3225: result: no
configure:3244: checking for library containing vdExp
configure:3275: g++ -o conftest -g -O2   conftest.cpp -lm  >&5
/usr/bin/ld: /tmp/ccyZIOJC.o: in function `main':
/workspace/biodivinfo/envs/CAFE5/conftest.cpp:31: undefined reference to `vdExp'
collect2: error: ld returned 1 exit status
configure:3275: $? = 1
configure: failed program was:
| /* confdefs.h */
| #define PACKAGE_NAME "cafe5"
| #define PACKAGE_TARNAME "cafe5"
| #define PACKAGE_VERSION "1.1"
| #define PACKAGE_STRING "cafe5 1.1"
| #define PACKAGE_BUGREPORT ""
| #define PACKAGE_URL ""
| #define HAVE_LIBM 1
| #define STDC_HEADERS 1
| #define HAVE_SYS_TYPES_H 1
| #define HAVE_SYS_STAT_H 1
| #define HAVE_STDLIB_H 1
| #define HAVE_STRING_H 1
| #define HAVE_MEMORY_H 1
| #define HAVE_STRINGS_H 1
| #define HAVE_INTTYPES_H 1
| #define HAVE_STDINT_H 1
| #define HAVE_UNISTD_H 1
| /* end confdefs.h.  */
| 
| /* Override any GCC internal prototype to avoid an error.
|    Use char because int might match the return type of a GCC
|    builtin and then its argument prototype would still apply.  */
| #ifdef __cplusplus
| extern "C"
| #endif
| char vdExp ();
| int
| main ()
| {
| return vdExp ();
|   ;
|   return 0;
| }
configure:3275: g++ -o conftest -g -O2   conftest.cpp -lmkl_intel_lp64  -lm  >&5
/usr/bin/ld: cannot find -lmkl_intel_lp64: No such file or directory
collect2: error: ld returned 1 exit status
configure:3275: $? = 1
configure: failed program was:
| /* confdefs.h */
| #define PACKAGE_NAME "cafe5"
| #define PACKAGE_TARNAME "cafe5"
| #define PACKAGE_VERSION "1.1"
| #define PACKAGE_STRING "cafe5 1.1"
| #define PACKAGE_BUGREPORT ""
| #define PACKAGE_URL ""
| #define HAVE_LIBM 1
| #define STDC_HEADERS 1
| #define HAVE_SYS_TYPES_H 1
| #define HAVE_SYS_STAT_H 1
| #define HAVE_STDLIB_H 1
| #define HAVE_STRING_H 1
| #define HAVE_MEMORY_H 1
| #define HAVE_STRINGS_H 1
| #define HAVE_INTTYPES_H 1
| #define HAVE_STDINT_H 1
| #define HAVE_UNISTD_H 1
| /* end confdefs.h.  */
| 
| /* Override any GCC internal prototype to avoid an error.
|    Use char because int might match the return type of a GCC
|    builtin and then its argument prototype would still apply.  */
| #ifdef __cplusplus
| extern "C"
| #endif
| char vdExp ();
| int
| main ()
| {
| return vdExp ();
|   ;
|   return 0;
| }
configure:3292: result: no
configure:3433: creating ./config.status

## ---------------------- ##
## Running config.status. ##
## ---------------------- ##

This file was extended by cafe5 config.status 1.1, which was
generated by GNU Autoconf 2.69.  Invocation command line was

  CONFIG_FILES    = 
  CONFIG_HEADERS  = 
  CONFIG_LINKS    = 
  CONFIG_COMMANDS = 
  $ ./config.status 

on rmwaterhouse-biodivinfo-nk1xllprtg1

config.status:806: creating Makefile
config.status:806: creating config.h

## ---------------- ##
## Cache variables. ##
## ---------------- ##

ac_cv_cxx_compiler_gnu=yes
ac_cv_env_CCC_set=
ac_cv_env_CCC_value=
ac_cv_env_CPPFLAGS_set=
ac_cv_env_CPPFLAGS_value=
ac_cv_env_CXXCPP_set=
ac_cv_env_CXXCPP_value=
ac_cv_env_CXXFLAGS_set=
ac_cv_env_CXXFLAGS_value=
ac_cv_env_CXX_set=
ac_cv_env_CXX_value=
ac_cv_env_LDFLAGS_set=
ac_cv_env_LDFLAGS_value=
ac_cv_env_LIBS_set=
ac_cv_env_LIBS_value=
ac_cv_env_build_alias_set=
ac_cv_env_build_alias_value=
ac_cv_env_host_alias_set=
ac_cv_env_host_alias_value=
ac_cv_env_target_alias_set=
ac_cv_env_target_alias_value=
ac_cv_header_inttypes_h=yes
ac_cv_header_memory_h=yes
ac_cv_header_mkl_h=no
ac_cv_header_stdc=yes
ac_cv_header_stdint_h=yes
ac_cv_header_stdlib_h=yes
ac_cv_header_string_h=yes
ac_cv_header_strings_h=yes
ac_cv_header_sys_stat_h=yes
ac_cv_header_sys_types_h=yes
ac_cv_header_unistd_h=yes
ac_cv_lib_m_floor=yes
ac_cv_objext=o
ac_cv_path_EGREP='/usr/bin/grep -E'
ac_cv_path_GREP=/usr/bin/grep
ac_cv_prog_CXXCPP='g++ -E'
ac_cv_prog_ac_ct_CXX=g++
ac_cv_prog_cxx_g=yes
ac_cv_prog_cxx_openmp=-fopenmp
ac_cv_search_cblas_dgemm=no
ac_cv_search_sgemm=no
ac_cv_search_vdExp=no

## ----------------- ##
## Output variables. ##
## ----------------- ##

CPPFLAGS=''
CXX='g++'
CXXCPP='g++ -E'
CXXFLAGS='-g -O2'
DEFS='-DHAVE_CONFIG_H'
ECHO_C=''
ECHO_N='-n'
ECHO_T=''
EGREP='/usr/bin/grep -E'
EXEEXT=''
GREP='/usr/bin/grep'
LDFLAGS=''
LIBOBJS=''
LIBS='-lm '
LTLIBOBJS=''
OBJEXT='o'
OPENMP_CXXFLAGS='-fopenmp'
PACKAGE_BUGREPORT=''
PACKAGE_NAME='cafe5'
PACKAGE_STRING='cafe5 1.1'
PACKAGE_TARNAME='cafe5'
PACKAGE_URL=''
PACKAGE_VERSION='1.1'
PATH_SEPARATOR=':'
SHELL='/bin/bash'
ac_ct_CXX='g++'
bindir='${exec_prefix}/bin'
build_alias=''
datadir='${datarootdir}'
datarootdir='${prefix}/share'
docdir='${datarootdir}/doc/${PACKAGE_TARNAME}'
dvidir='${docdir}'
exec_prefix='${prefix}'
host_alias=''
htmldir='${docdir}'
includedir='${prefix}/include'
infodir='${datarootdir}/info'
libdir='${exec_prefix}/lib'
libexecdir='${exec_prefix}/libexec'
localedir='${datarootdir}/locale'
localstatedir='${prefix}/var'
mandir='${datarootdir}/man'
oldincludedir='/usr/include'
pdfdir='${docdir}'
prefix='/usr/local'
program_transform_name='s,x,x,'
psdir='${docdir}'
sbindir='${exec_prefix}/sbin'
sharedstatedir='${prefix}/com'
sysconfdir='${prefix}/etc'
target_alias=''

## ----------- ##
## confdefs.h. ##
## ----------- ##

/* confdefs.h */
#define PACKAGE_NAME "cafe5"
#define PACKAGE_TARNAME "cafe5"
#define PACKAGE_VERSION "1.1"
#define PACKAGE_STRING "cafe5 1.1"
#define PACKAGE_BUGREPORT ""
#define PACKAGE_URL ""
#define HAVE_LIBM 1
#define STDC_HEADERS 1
#define HAVE_SYS_TYPES_H 1
#define HAVE_SYS_STAT_H 1
#define HAVE_STDLIB_H 1
#define HAVE_STRING_H 1
#define HAVE_MEMORY_H 1
#define HAVE_STRINGS_H 1
#define HAVE_INTTYPES_H 1
#define HAVE_STDINT_H 1
#define HAVE_UNISTD_H 1
#define NUM_OPTIMIZER_INITIALIZATION_ATTEMPTS 100
#define LAMBDA_PERTURBATION_STEP_SIZE 1
#define OPTIMIZER_STRATEGY_SIMILARITY_CUTOFF 15
#define PHASED_OPTIMIZER_PHASE1_ATTEMPTS 4
#define OPTIMIZER_LOW_PRECISION 1e-3
#define OPTIMIZER_HIGH_PRECISION 1e-6
#define MAX_STACK_FAMILY_SIZE 1000

configure: exit 0
